this vite node`s git GO version is  baa03506313b2585c21e6e0e6940c3df955b9e55
t=2019-07-10T15:26:33.731+0800 lvl=info msg="runtime num" module=gvite/main max=9
t=2019-07-10T15:26:33.731+0800 lvl=info msg="Enable chain performance analysis tool, you can visit the address of `http://localhost:8080/debug/pprof`" module=gvite/main
t=2019-07-10T15:26:33.731+0800 lvl=info msg="DefaultNodeconfig: { /Users/liyanda/Library/GVite /Users/liyanda/Library/GVite [] 0 <nil> <nil> [] <nil>  nodeServer   0 0 0 0 [] [] [] 0.0.0.0 8483   0 true any [] [] []    false 0 false false false gvite.ipc  48132 []  31420 [] [*] [] true true    info  false false false false false 8484   cross false   <nil> <nil> <nil> <nil> <nil> <nil> <nil>}" module=gvite/node_manager
t=2019-07-10T15:26:33.731+0800 lvl=info msg="Will use the default config node_config.json" module=gvite/node_manager
t=2019-07-10T15:26:33.731+0800 lvl=info msg="After load config file: { ledger ./ [] 0 <nil> <nil> [] <nil> ./genesis.json vite-single  511a6d8762bd95ce12819267f2c0fa092687ed6f47b21d43a35112a2792e4ebad7e63ddca1e41d311db9668bb0f6ff549cab9c24de03ecaa1643940a8fdc3937 100 0 0 20 [] [] [] 0.0.0.0 8487   3 true any [] [] [] vite_e41be57d38c796984952fad618a9bc91637329b5255cb18906 123 0:vite_e41be57d38c796984952fad618a9bc91637329b5255cb18906 true 0 true false true gvite.ipc 0.0.0.0 23456 [] 0.0.0.0 23457 [] [*] [ledger public_onroad contract tx wallet testapi dashboard vmdebug pledge register vote mintage consensusGroup subscribe] true true 7488b076b27aec48692230c88cbe904411007b71981057ea47d757c1e7f7ef24f4da4390a6e2618bec08053a86a6baf98830430cbefc078d978cf396e1c43e3a tti_5649544520544f4b454e6e40  info  true false true true true 8484   cross false   <nil> <nil> <nil> <nil> <nil> <nil> <nil>}" module=gvite/node_manager
t=2019-07-10T15:26:33.731+0800 lvl=info msg="After mapping cmd input: { ledger ./ [] 0 <nil> <nil> [] <nil> ./genesis.json vite-single  511a6d8762bd95ce12819267f2c0fa092687ed6f47b21d43a35112a2792e4ebad7e63ddca1e41d311db9668bb0f6ff549cab9c24de03ecaa1643940a8fdc3937 100 0 0 20 [] [] [] 0.0.0.0 8487   3 true any [] [] [] vite_e41be57d38c796984952fad618a9bc91637329b5255cb18906 123 0:vite_e41be57d38c796984952fad618a9bc91637329b5255cb18906 true 0 true false true gvite.ipc 0.0.0.0 23456 [] 0.0.0.0 23457 [] [*] [ledger public_onroad contract tx wallet testapi dashboard vmdebug pledge register vote mintage consensusGroup subscribe] true true 7488b076b27aec48692230c88cbe904411007b71981057ea47d757c1e7f7ef24f4da4390a6e2618bec08053a86a6baf98830430cbefc078d978cf396e1c43e3a tti_5649544520544f4b454e6e40  info  true false true true true 8484   cross false   <nil> <nil> <nil> 0xc0004e2fc0 0xc0004e2fd0 0xc0004e2fe0 0xc0004e2ff0}" module=gvite/node_manager
t=2019-07-10T15:26:33.731+0800 lvl=info msg="Last override config: {dev /Users/liyanda/workspace/soliditypp-vscode/bin/vite/ledger/devdata /Users/liyanda/workspace/soliditypp-vscode/bin/vite/devdata/wallet [] 0 <nil> <nil> [] <nil> ./genesis.json vite-single  511a6d8762bd95ce12819267f2c0fa092687ed6f47b21d43a35112a2792e4ebad7e63ddca1e41d311db9668bb0f6ff549cab9c24de03ecaa1643940a8fdc3937 100 0 0 20 [] [] [] 0.0.0.0 8487   3 true any [] [] [] vite_e41be57d38c796984952fad618a9bc91637329b5255cb18906 123 0:vite_e41be57d38c796984952fad618a9bc91637329b5255cb18906 true 0 true false true gvite.ipc 0.0.0.0 23456 [] 0.0.0.0 23457 [] [*] [ledger public_onroad contract tx wallet testapi dashboard vmdebug pledge register vote mintage consensusGroup subscribe] true true 7488b076b27aec48692230c88cbe904411007b71981057ea47d757c1e7f7ef24f4da4390a6e2618bec08053a86a6baf98830430cbefc078d978cf396e1c43e3a tti_5649544520544f4b454e6e40  info  true false true true true 8484   cross false   <nil> <nil> <nil> 0xc0004e2fc0 0xc0004e2fd0 0xc0004e2fe0 0xc0004e2ff0}" module=gvite/node_manager
t=2019-07-10T15:26:33.732+0800 lvl=info msg=NodeServer.DataDir:/Users/liyanda/workspace/soliditypp-vscode/bin/vite/ledger/devdata module=gvite/node_manager
t=2019-07-10T15:26:33.732+0800 lvl=info msg=NodeServer.KeyStoreDir:/Users/liyanda/workspace/soliditypp-vscode/bin/vite/devdata/wallet module=gvite/node_manager
Prepare the Node success!!!
[Insert] Height:2, Hash:9d7688673bf75d23a8378bdc8dbb721575a493692a6cd364fcc12408daff8b28, Timestamp:2019-07-10 15:26:34 +0800 CST, Producer:vite_e41be57d38c796984952fad618a9bc91637329b5255cb18906, Time:2019-07-10 15:26:34.756778 +0800 CST m=+1.041214599
store seed, hash:b7dc81f8edf47b22277a570e5242b514e9cf69189fe94146dd91247a69079c52, seed:6913564316806426647
Start the Node success!!!
[Insert] Height:3, Hash:0d421cb3660a3d1fd4421ba4218c5fcb3bc405a4a962fa51d1b888f781f908cb, Timestamp:2019-07-10 15:26:35 +0800 CST, Producer:vite_e41be57d38c796984952fad618a9bc91637329b5255cb18906, Time:2019-07-10 15:26:35.001546 +0800 CST m=+1.285982896
store seed, hash:4dcbbce6f545b8d34a2ca568ffcc463b3a6051439631bb34d0d9b3c442492f34, seed:10498161816477480604
query seed, hash:4dcbbce6f545b8d34a2ca568ffcc463b3a6051439631bb34d0d9b3c442492f34
query seed, hash:4dcbbce6f545b8d34a2ca568ffcc463b3a6051439631bb34d0d9b3c442492f34, seed:10498161816477480604
[Insert] Height:4, Hash:54368c98512ab33336d25bea9e69b3a0cd33a31c41350de210ab0ae22b75bac1, Timestamp:2019-07-10 15:26:36 +0800 CST, Producer:vite_e41be57d38c796984952fad618a9bc91637329b5255cb18906, Time:2019-07-10 15:26:36.005507 +0800 CST m=+2.289945230
store seed, hash:5553667c291cabcd9cfb33444752e9a8d675c7e29a662eba799413e8e5a9c92c, seed:807121901313416265
query seed, hash:b7dc81f8edf47b22277a570e5242b514e9cf69189fe94146dd91247a69079c52
query seed, hash:b7dc81f8edf47b22277a570e5242b514e9cf69189fe94146dd91247a69079c52, seed:6913564316806426647
[Insert] Height:5, Hash:25309036de9f13ef40402e35e85ea25e7f05b7a4be8011eb09de7e992e11379a, Timestamp:2019-07-10 15:26:37 +0800 CST, Producer:vite_e41be57d38c796984952fad618a9bc91637329b5255cb18906, Time:2019-07-10 15:26:37.005195 +0800 CST m=+3.289634109
store seed, hash:88125671ddf6df1761b41a71abea55f1673311ea4ac1504ebb905e225e6cf80b, seed:13546466163387130446
[Insert] Height:6, Hash:43ffcf98e4d0ddb7d4b31ff5f282db38c9535df3d8a8493631b1115425439d21, Timestamp:2019-07-10 15:26:38 +0800 CST, Producer:vite_e41be57d38c796984952fad618a9bc91637329b5255cb18906, Time:2019-07-10 15:26:38.004429 +0800 CST m=+4.288869487
store seed, hash:fd7533c7b6c0d20705317c4de9fd19f51b2a2d38707ca5706a2b4116bd12b143, seed:12823272745425135877
query seed, hash:fd7533c7b6c0d20705317c4de9fd19f51b2a2d38707ca5706a2b4116bd12b143
query seed, hash:fd7533c7b6c0d20705317c4de9fd19f51b2a2d38707ca5706a2b4116bd12b143, seed:12823272745425135877
[Insert] Height:7, Hash:8f1d8ad17985e74b8e95b7bb0838d99cc4827a52bba196f29f482c85dc88485c, Timestamp:2019-07-10 15:26:39 +0800 CST, Producer:vite_e41be57d38c796984952fad618a9bc91637329b5255cb18906, Time:2019-07-10 15:26:39.003522 +0800 CST m=+5.287963664
store seed, hash:71a5b1cf17e1b6d751daf477a614c350e7f356deb437384f15bb2e3c2601db87, seed:8890771063928904397
query seed, hash:88125671ddf6df1761b41a71abea55f1673311ea4ac1504ebb905e225e6cf80b
query seed, hash:88125671ddf6df1761b41a71abea55f1673311ea4ac1504ebb905e225e6cf80b, seed:13546466163387130446
[Insert] Height:8, Hash:c0bba4a9fae1aee00c2a3199a0b4f1c6881568ffdf20d35d05d18a4fca6edb41, Timestamp:2019-07-10 15:26:40 +0800 CST, Producer:vite_e41be57d38c796984952fad618a9bc91637329b5255cb18906, Time:2019-07-10 15:26:40.003339 +0800 CST m=+6.287782171
store seed, hash:6c59626586c17c9660c002488f6653f86a41c3d38cbed2834de5e2cd94875431, seed:13688472260734503938
query seed, hash:5553667c291cabcd9cfb33444752e9a8d675c7e29a662eba799413e8e5a9c92c
query seed, hash:5553667c291cabcd9cfb33444752e9a8d675c7e29a662eba799413e8e5a9c92c, seed:807121901313416265
[Insert] Height:9, Hash:94e92c7bf2883161fe61358d68def4f48c859987617779e880c82c2fe29a8219, Timestamp:2019-07-10 15:26:41 +0800 CST, Producer:vite_e41be57d38c796984952fad618a9bc91637329b5255cb18906, Time:2019-07-10 15:26:41.005082 +0800 CST m=+7.289525480
store seed, hash:eaefa8fd953a5887adb9264c248799b5b3c0fa59b2e56ceb32853c71a1a5a00a, seed:18279999735483634822
query seed, hash:eaefa8fd953a5887adb9264c248799b5b3c0fa59b2e56ceb32853c71a1a5a00a
query seed, hash:eaefa8fd953a5887adb9264c248799b5b3c0fa59b2e56ceb32853c71a1a5a00a, seed:18279999735483634822
[Insert] Height:10, Hash:1bc71ea7223a8c845a287058c5d246444144d3e93d3b148e155813df27d8dbde, Timestamp:2019-07-10 15:26:42 +0800 CST, Producer:vite_e41be57d38c796984952fad618a9bc91637329b5255cb18906, Time:2019-07-10 15:26:42.004773 +0800 CST m=+8.289218550
store seed, hash:5867cee7f62be53b81cb3252d40b14c7dc3844a6d82065aa96c1d5ed049df9f0, seed:7098350286253304295
query seed, hash:6c59626586c17c9660c002488f6653f86a41c3d38cbed2834de5e2cd94875431
query seed, hash:6c59626586c17c9660c002488f6653f86a41c3d38cbed2834de5e2cd94875431, seed:13688472260734503938
[Insert] Height:11, Hash:d62add74275cdc00663b0e980cb2d848ef1e2c3ed28df14e3623bb381ad1d7b3, Timestamp:2019-07-10 15:26:43 +0800 CST, Producer:vite_e41be57d38c796984952fad618a9bc91637329b5255cb18906, Time:2019-07-10 15:26:43.005378 +0800 CST m=+9.289824715
store seed, hash:0040fe7b4af301186823cf1934f70056c3bb96c67cef85d621aef34c96cebe04, seed:11368827472933214218
query seed, hash:71a5b1cf17e1b6d751daf477a614c350e7f356deb437384f15bb2e3c2601db87
query seed, hash:71a5b1cf17e1b6d751daf477a614c350e7f356deb437384f15bb2e3c2601db87, seed:8890771063928904397
[Insert] Height:12, Hash:c8bb0bbbb2b1097d1e147a2271b443198bb1f6ae19fd7f795926136dfb9b1880, Timestamp:2019-07-10 15:26:44 +0800 CST, Producer:vite_e41be57d38c796984952fad618a9bc91637329b5255cb18906, Time:2019-07-10 15:26:44.004225 +0800 CST m=+10.288672094
store seed, hash:b16050a831e8e3047f99e4fae21939d668afc8ffb220fd2805e08100d2d35930, seed:12084525873218601353
query seed, hash:b16050a831e8e3047f99e4fae21939d668afc8ffb220fd2805e08100d2d35930
query seed, hash:b16050a831e8e3047f99e4fae21939d668afc8ffb220fd2805e08100d2d35930, seed:12084525873218601353
[Insert] Height:13, Hash:8f522299f25405721e7f0ee7a04eabee4450904ceef9b1886628300dcc3c0818, Timestamp:2019-07-10 15:26:45 +0800 CST, Producer:vite_e41be57d38c796984952fad618a9bc91637329b5255cb18906, Time:2019-07-10 15:26:45.001103 +0800 CST m=+11.285552138
store seed, hash:310c49afc803ecbdfc26f663b72a31264fc0b6a1b41abad405c791ecba23bd12, seed:9883069901506393794
query seed, hash:0040fe7b4af301186823cf1934f70056c3bb96c67cef85d621aef34c96cebe04
query seed, hash:0040fe7b4af301186823cf1934f70056c3bb96c67cef85d621aef34c96cebe04, seed:11368827472933214218
[Insert] Height:14, Hash:cb0290457d7c42c7152823419ce82181839a40cc577044586a0952bcdcd16bf1, Timestamp:2019-07-10 15:26:46 +0800 CST, Producer:vite_e41be57d38c796984952fad618a9bc91637329b5255cb18906, Time:2019-07-10 15:26:46.005704 +0800 CST m=+12.290153510
store seed, hash:cf7dde2bc39f7a702a07992a162144e3855c30f9510543ce12659ba74975526d, seed:17849462851174886880
query seed, hash:5867cee7f62be53b81cb3252d40b14c7dc3844a6d82065aa96c1d5ed049df9f0
query seed, hash:5867cee7f62be53b81cb3252d40b14c7dc3844a6d82065aa96c1d5ed049df9f0, seed:7098350286253304295
[Insert] Height:15, Hash:d8699b571c7a73819864c1425f33c9d6218ebd9b24e0e610519db11aa553e52e, Timestamp:2019-07-10 15:26:47 +0800 CST, Producer:vite_e41be57d38c796984952fad618a9bc91637329b5255cb18906, Time:2019-07-10 15:26:47.005587 +0800 CST m=+13.290038543
store seed, hash:2dc1f16a3a8655a274198ceb1766cb5a36bd7ba7c0aa01c905b98b4c4deb15aa, seed:7829665548944073255
query seed, hash:2dc1f16a3a8655a274198ceb1766cb5a36bd7ba7c0aa01c905b98b4c4deb15aa
query seed, hash:2dc1f16a3a8655a274198ceb1766cb5a36bd7ba7c0aa01c905b98b4c4deb15aa, seed:7829665548944073255
[Insert] Height:16, Hash:6cfee3013a560e752228db0f57cf77fb2ae760e9f88efe5fad01472a6c6a30db, Timestamp:2019-07-10 15:26:48 +0800 CST, Producer:vite_e41be57d38c796984952fad618a9bc91637329b5255cb18906, Time:2019-07-10 15:26:48.00191 +0800 CST m=+14.286362209
store seed, hash:5f87e8575c6a348408f58ca54d7de1d6895babbfd2c0a651a61f943377235340, seed:641765279243222364
query seed, hash:cf7dde2bc39f7a702a07992a162144e3855c30f9510543ce12659ba74975526d
query seed, hash:cf7dde2bc39f7a702a07992a162144e3855c30f9510543ce12659ba74975526d, seed:17849462851174886880
[Insert] Height:17, Hash:74246ef8313af89a9468ecab4ef0ef8be08b08b7b61155cc1f1b70673436eca0, Timestamp:2019-07-10 15:26:49 +0800 CST, Producer:vite_e41be57d38c796984952fad618a9bc91637329b5255cb18906, Time:2019-07-10 15:26:49.004824 +0800 CST m=+15.289277126
store seed, hash:2dab81befdf6d17e7510850ca0d3c262ec697d54f66c66e86331b89f80a96a6b, seed:18174642220451130277
query seed, hash:310c49afc803ecbdfc26f663b72a31264fc0b6a1b41abad405c791ecba23bd12
query seed, hash:310c49afc803ecbdfc26f663b72a31264fc0b6a1b41abad405c791ecba23bd12, seed:9883069901506393794
[Insert] Height:18, Hash:bd0fcf03349b270b868af297c24c3b866ae8b40ce8543a4f4f44c173a1569717, Timestamp:2019-07-10 15:26:50 +0800 CST, Producer:vite_e41be57d38c796984952fad618a9bc91637329b5255cb18906, Time:2019-07-10 15:26:50.001145 +0800 CST m=+16.285599841
store seed, hash:1235c62f17035535d83a7341959184695095021c62dc0432c256a3c21bc1d603, seed:14070080725856420643
query seed, hash:1235c62f17035535d83a7341959184695095021c62dc0432c256a3c21bc1d603
query seed, hash:1235c62f17035535d83a7341959184695095021c62dc0432c256a3c21bc1d603, seed:14070080725856420643
[Insert] Height:19, Hash:5f23886f230ebb0cb3f81c05c3aea2e853a6e2c981809542277d08240e6cde96, Timestamp:2019-07-10 15:26:51 +0800 CST, Producer:vite_e41be57d38c796984952fad618a9bc91637329b5255cb18906, Time:2019-07-10 15:26:51.001509 +0800 CST m=+17.285964968
store seed, hash:b511e30012aedac357d0840ddb405a8df0c1276f3e1e0478925ad46cd08a823a, seed:2226069819770531207
query seed, hash:2dab81befdf6d17e7510850ca0d3c262ec697d54f66c66e86331b89f80a96a6b
query seed, hash:2dab81befdf6d17e7510850ca0d3c262ec697d54f66c66e86331b89f80a96a6b, seed:18174642220451130277
[Insert] Height:20, Hash:74b731fff450f9a5120cb15b939e639e822e666f9a0ba6362616643d805e94ef, Timestamp:2019-07-10 15:26:52 +0800 CST, Producer:vite_e41be57d38c796984952fad618a9bc91637329b5255cb18906, Time:2019-07-10 15:26:52.001106 +0800 CST m=+18.285563262
store seed, hash:dfdf1d4dff7890c98ad6e62a44390e77bf55e824a1316a4b4b58c75805c7a333, seed:5518584744911409511
query seed, hash:5f87e8575c6a348408f58ca54d7de1d6895babbfd2c0a651a61f943377235340
query seed, hash:5f87e8575c6a348408f58ca54d7de1d6895babbfd2c0a651a61f943377235340, seed:641765279243222364
[Insert] Height:21, Hash:b1ccb5f2c872757c932f27867e36c8d3db8b575b91c9f80b5e9ed3a18930c22d, Timestamp:2019-07-10 15:26:53 +0800 CST, Producer:vite_e41be57d38c796984952fad618a9bc91637329b5255cb18906, Time:2019-07-10 15:26:53.004156 +0800 CST m=+19.288614572
store seed, hash:1fbad55694a9287f87adf00261a9df891b29d22f0721d9de4472323fb8329b70, seed:11734973208038339310
query seed, hash:1fbad55694a9287f87adf00261a9df891b29d22f0721d9de4472323fb8329b70
query seed, hash:1fbad55694a9287f87adf00261a9df891b29d22f0721d9de4472323fb8329b70, seed:11734973208038339310
[Insert] Height:22, Hash:dbc1cbabb200060c3e938f38d86d730d3ccba89ae47cbe0564b9791131faeeb4, Timestamp:2019-07-10 15:26:54 +0800 CST, Producer:vite_e41be57d38c796984952fad618a9bc91637329b5255cb18906, Time:2019-07-10 15:26:54.004883 +0800 CST m=+20.289342320
store seed, hash:fa4039d56bbfa5709f93f2c3569e6c1e034d736d64de6778c7c3af750cfa0aaa, seed:6546264273362932231
query seed, hash:dfdf1d4dff7890c98ad6e62a44390e77bf55e824a1316a4b4b58c75805c7a333
query seed, hash:dfdf1d4dff7890c98ad6e62a44390e77bf55e824a1316a4b4b58c75805c7a333, seed:5518584744911409511
[Insert] Height:23, Hash:e7a614442e07b91d09f7d57a03f9de55e7c52bce3d14f0b3f1b6607a6e379c2a, Timestamp:2019-07-10 15:26:55 +0800 CST, Producer:vite_e41be57d38c796984952fad618a9bc91637329b5255cb18906, Time:2019-07-10 15:26:55.004966 +0800 CST m=+21.289426203
store seed, hash:b017ef34708ea83b0bcf00b8ec11f7856fc1bdc5755372124e57addea25e48af, seed:16835483217850456682
query seed, hash:b511e30012aedac357d0840ddb405a8df0c1276f3e1e0478925ad46cd08a823a
query seed, hash:b511e30012aedac357d0840ddb405a8df0c1276f3e1e0478925ad46cd08a823a, seed:2226069819770531207
[Insert] Height:24, Hash:1eee25ed81731458c743ebebfbceefa2d894389f3795720646eee2c948743cfe, Timestamp:2019-07-10 15:26:56 +0800 CST, Producer:vite_e41be57d38c796984952fad618a9bc91637329b5255cb18906, Time:2019-07-10 15:26:56.003309 +0800 CST m=+22.287770564
store seed, hash:827a15e1f134d242612146d20eac6e93e402d0e17301fd3841d2c628f6db1e85, seed:3377826434857227519
query seed, hash:827a15e1f134d242612146d20eac6e93e402d0e17301fd3841d2c628f6db1e85
query seed, hash:827a15e1f134d242612146d20eac6e93e402d0e17301fd3841d2c628f6db1e85, seed:3377826434857227519
[Insert] Height:25, Hash:dee8ef9e0e02d4b2c1b79f7a677f778887f156a41892acb7870f310e11fc2521, Timestamp:2019-07-10 15:26:57 +0800 CST, Producer:vite_e41be57d38c796984952fad618a9bc91637329b5255cb18906, Time:2019-07-10 15:26:57.005487 +0800 CST m=+23.289949995
store seed, hash:9f6e248118e358d1334903521478d7f803299cca97b39c190eab5e6e10020d24, seed:1252260252392638650
query seed, hash:b017ef34708ea83b0bcf00b8ec11f7856fc1bdc5755372124e57addea25e48af
query seed, hash:b017ef34708ea83b0bcf00b8ec11f7856fc1bdc5755372124e57addea25e48af, seed:16835483217850456682
[Insert] Height:26, Hash:2c0c5f11f6d65526edfa94ea44257f9ad1ab81352d2691a6faadcec409192ae4, Timestamp:2019-07-10 15:26:58 +0800 CST, Producer:vite_e41be57d38c796984952fad618a9bc91637329b5255cb18906, Time:2019-07-10 15:26:58.005993 +0800 CST m=+24.290457047
store seed, hash:4cca8c9d9cf59790d43dcc64fce731dc880699e51dbc82b7fe64726048b4e0f8, seed:1848442501287096025
query seed, hash:fa4039d56bbfa5709f93f2c3569e6c1e034d736d64de6778c7c3af750cfa0aaa
query seed, hash:fa4039d56bbfa5709f93f2c3569e6c1e034d736d64de6778c7c3af750cfa0aaa, seed:6546264273362932231
[Insert] Height:27, Hash:4580aaf3346833a71bdac10b12ddad1ef92742328cf70acf106d57657e779add, Timestamp:2019-07-10 15:26:59 +0800 CST, Producer:vite_e41be57d38c796984952fad618a9bc91637329b5255cb18906, Time:2019-07-10 15:26:59.004148 +0800 CST m=+25.288612995
store seed, hash:9c9f938024f1397c6b4c5b544a4ff28dde6566d8f3110003185f6cbfe638dd22, seed:8639142259602079628
query seed, hash:9c9f938024f1397c6b4c5b544a4ff28dde6566d8f3110003185f6cbfe638dd22
query seed, hash:9c9f938024f1397c6b4c5b544a4ff28dde6566d8f3110003185f6cbfe638dd22, seed:8639142259602079628
[Insert] Height:28, Hash:857a65e9492fe5a608258e67bcc47512c269a621f2b68a51c91a5f6d096fac0c, Timestamp:2019-07-10 15:27:00 +0800 CST, Producer:vite_e41be57d38c796984952fad618a9bc91637329b5255cb18906, Time:2019-07-10 15:27:00.003829 +0800 CST m=+26.288295289
store seed, hash:cc1a1572f40066f65aa3f510f23734b44724a5d5bdb410690e859342afa97a34, seed:10263706568586618876
query seed, hash:4cca8c9d9cf59790d43dcc64fce731dc880699e51dbc82b7fe64726048b4e0f8
query seed, hash:4cca8c9d9cf59790d43dcc64fce731dc880699e51dbc82b7fe64726048b4e0f8, seed:1848442501287096025
[Insert] Height:29, Hash:ef2452e93a462f1b38057f05b0ecaf0d94a5125bbce1f58a014ffc3c57505485, Timestamp:2019-07-10 15:27:01 +0800 CST, Producer:vite_e41be57d38c796984952fad618a9bc91637329b5255cb18906, Time:2019-07-10 15:27:01.00535 +0800 CST m=+27.289818063
store seed, hash:c5cb7c1cdad7ad6667dd7cc16f05f15258005299471cda17b458d5f34f46129a, seed:6365191882523505905
query seed, hash:9f6e248118e358d1334903521478d7f803299cca97b39c190eab5e6e10020d24
query seed, hash:9f6e248118e358d1334903521478d7f803299cca97b39c190eab5e6e10020d24, seed:1252260252392638650
[Insert] Height:30, Hash:5568f6bde8439dce6a1cfd5da5b319b05dc9cf696754219956d5ee95d00964de, Timestamp:2019-07-10 15:27:02 +0800 CST, Producer:vite_e41be57d38c796984952fad618a9bc91637329b5255cb18906, Time:2019-07-10 15:27:02.005799 +0800 CST m=+28.290268269
store seed, hash:c1fe462b4319ab19e1206b54da03af4d2dd61cca3d2c998ad99389945770dcff, seed:9955713988050264082
query seed, hash:c1fe462b4319ab19e1206b54da03af4d2dd61cca3d2c998ad99389945770dcff
query seed, hash:c1fe462b4319ab19e1206b54da03af4d2dd61cca3d2c998ad99389945770dcff, seed:9955713988050264082
[Insert] Height:31, Hash:5d1978ca062bbce0e21a8172325cc4ae163859348358bd5b384edc4c6c5a5d5d, Timestamp:2019-07-10 15:27:03 +0800 CST, Producer:vite_e41be57d38c796984952fad618a9bc91637329b5255cb18906, Time:2019-07-10 15:27:03.005744 +0800 CST m=+29.290214195
store seed, hash:1a83228cfc2ccafd8af7dc5bf76279c08f9ee45eb471137ed41de93c37bc4900, seed:14544215747806573567
query seed, hash:c5cb7c1cdad7ad6667dd7cc16f05f15258005299471cda17b458d5f34f46129a
query seed, hash:c5cb7c1cdad7ad6667dd7cc16f05f15258005299471cda17b458d5f34f46129a, seed:6365191882523505905
[Insert] Height:32, Hash:8e36497ed606295a779602585ab22ced66db4c54883285362be98f9421ae1b43, Timestamp:2019-07-10 15:27:04 +0800 CST, Producer:vite_e41be57d38c796984952fad618a9bc91637329b5255cb18906, Time:2019-07-10 15:27:04.005623 +0800 CST m=+30.290094458
store seed, hash:b6dfa63f91b030e50269e21e3591c2d70c2937ecac5105ffa1734a4c6a189a8a, seed:15719058540927722184
query seed, hash:cc1a1572f40066f65aa3f510f23734b44724a5d5bdb410690e859342afa97a34
query seed, hash:cc1a1572f40066f65aa3f510f23734b44724a5d5bdb410690e859342afa97a34, seed:10263706568586618876
[Insert] Height:33, Hash:bfb825b32d0f44b03a436bb08298135138b01c02eb9f9362996b562f759cddb7, Timestamp:2019-07-10 15:27:05 +0800 CST, Producer:vite_e41be57d38c796984952fad618a9bc91637329b5255cb18906, Time:2019-07-10 15:27:05.005401 +0800 CST m=+31.289873256
store seed, hash:074a169392e8dd5cb66d5ce53071ca142340d54463af5469de913fce281d92e4, seed:9335159439605084058
query seed, hash:074a169392e8dd5cb66d5ce53071ca142340d54463af5469de913fce281d92e4
query seed, hash:074a169392e8dd5cb66d5ce53071ca142340d54463af5469de913fce281d92e4, seed:9335159439605084058
[Insert] Height:34, Hash:e0d6b1a8b8745304c6b2d11a9a047a5996d8bd087b5ab9f4f9847a52f797d113, Timestamp:2019-07-10 15:27:06 +0800 CST, Producer:vite_e41be57d38c796984952fad618a9bc91637329b5255cb18906, Time:2019-07-10 15:27:06.001619 +0800 CST m=+32.286093094
store seed, hash:32adae008764416e03bafaf66d0a7cc31fdcec5f7255b3a80debc2c07f9db0bd, seed:11120540059126259502
query seed, hash:b6dfa63f91b030e50269e21e3591c2d70c2937ecac5105ffa1734a4c6a189a8a
query seed, hash:b6dfa63f91b030e50269e21e3591c2d70c2937ecac5105ffa1734a4c6a189a8a, seed:15719058540927722184
[Insert] Height:35, Hash:971821272d615716f0e7445e5626e45bb1c3fe5c88f3f3e709fa95315895737f, Timestamp:2019-07-10 15:27:07 +0800 CST, Producer:vite_e41be57d38c796984952fad618a9bc91637329b5255cb18906, Time:2019-07-10 15:27:07.004974 +0800 CST m=+33.289448462
store seed, hash:bdbfc1332349dcec9fe81b9ac864543598ef288dd8cfeee774a8a22e1eecab72, seed:11118856718878096992
query seed, hash:1a83228cfc2ccafd8af7dc5bf76279c08f9ee45eb471137ed41de93c37bc4900
query seed, hash:1a83228cfc2ccafd8af7dc5bf76279c08f9ee45eb471137ed41de93c37bc4900, seed:14544215747806573567
[Insert] Height:36, Hash:796643276debef2b1fb17bffbb852faaa9f3a8865bf9cb16cb8f8ec72ff2542b, Timestamp:2019-07-10 15:27:08 +0800 CST, Producer:vite_e41be57d38c796984952fad618a9bc91637329b5255cb18906, Time:2019-07-10 15:27:08.005669 +0800 CST m=+34.290145024
store seed, hash:441460c5e3e20d49578cca9f8b7f798083b69d69fd0c547060502cee32747a6b, seed:10826988291008709564
query seed, hash:441460c5e3e20d49578cca9f8b7f798083b69d69fd0c547060502cee32747a6b
query seed, hash:441460c5e3e20d49578cca9f8b7f798083b69d69fd0c547060502cee32747a6b, seed:10826988291008709564
[Insert] Height:37, Hash:233679d4f2632aebb1c0069e857467fab4ccc8df584393a445c7d3995509eba8, Timestamp:2019-07-10 15:27:09 +0800 CST, Producer:vite_e41be57d38c796984952fad618a9bc91637329b5255cb18906, Time:2019-07-10 15:27:09.005362 +0800 CST m=+35.289838898
store seed, hash:08f20dd4acaada2a66e51f58a4130a327ba4cfb2156ef546052dcb2c5f39ee36, seed:10787438881478169350
query seed, hash:bdbfc1332349dcec9fe81b9ac864543598ef288dd8cfeee774a8a22e1eecab72
query seed, hash:bdbfc1332349dcec9fe81b9ac864543598ef288dd8cfeee774a8a22e1eecab72, seed:11118856718878096992
[Insert] Height:38, Hash:f0566a04ef992a5caa597c7dc897a8bb122e739858cb23b2c0b1b18720ad5119, Timestamp:2019-07-10 15:27:10 +0800 CST, Producer:vite_e41be57d38c796984952fad618a9bc91637329b5255cb18906, Time:2019-07-10 15:27:10.005702 +0800 CST m=+36.290180856
store seed, hash:664eba6294a609d73cc63e093eefec3dc5e963cf20b99cadff940ccda342023a, seed:17142123053777360605
query seed, hash:32adae008764416e03bafaf66d0a7cc31fdcec5f7255b3a80debc2c07f9db0bd
query seed, hash:32adae008764416e03bafaf66d0a7cc31fdcec5f7255b3a80debc2c07f9db0bd, seed:11120540059126259502
[Insert] Height:39, Hash:34d1cf9bed3899f47366280a8801e9f78caad355c120d3c5a6d2bf38bf4d29ca, Timestamp:2019-07-10 15:27:11 +0800 CST, Producer:vite_e41be57d38c796984952fad618a9bc91637329b5255cb18906, Time:2019-07-10 15:27:11.001165 +0800 CST m=+37.285644534
store seed, hash:49040252efa520d9a847f297ee78b183b6ead943d3a0173f9c0786c73e5bbe1e, seed:6068952802401723147
